<?xml version="1.0" encoding="UTF-8"?>
<!-- Generated by org.testng.reporters.JUnitReportReporter -->
<testsuite skipped="0" hostname="BDC6-DX-9XC5T72" name="SeleniumAdvance.Hdfc" tests="1" failures="0" timestamp="16 Nov 2018 07:06:30 GMT" time="22.695" errors="0">
  <testcase name="bank" time="22.695" classname="SeleniumAdvance.Hdfc"/>
</testsuite> <!-- SeleniumAdvance.Hdfc -->
