<?xml version="1.0" encoding="UTF-8"?>
<!-- Generated by org.testng.reporters.JUnitReportReporter -->
<testsuite skipped="0" hostname="BDC6-DX-9XC5T72" name="SeleniumAdvance.demowebshop" tests="1" failures="0" timestamp="16 Nov 2018 07:19:18 GMT" time="17.778" errors="0">
  <testcase name="f" time="17.778" classname="SeleniumAdvance.demowebshop"/>
</testsuite> <!-- SeleniumAdvance.demowebshop -->
