<?xml version="1.0" encoding="UTF-8"?>
<!-- Generated by org.testng.reporters.JUnitReportReporter -->
<testsuite skipped="0" hostname="BDC6-DX-9XC5T72" name="SeleniumAdvance.telerik" tests="1" failures="0" timestamp="16 Nov 2018 06:52:25 GMT" time="15.867" errors="0">
  <testcase name="Telerik" time="15.867" classname="SeleniumAdvance.telerik"/>
</testsuite> <!-- SeleniumAdvance.telerik -->
